


ARM Macro Assembler    Page 1 


    1 00000000         ;*******************************************************
                       *************************
    2 00000000         ;* @file        iap.s
    3 00000000         ;* @version     $Rev:: 309          $
    4 00000000         ;* @date        $Date:: 2014-12-31 #$
    5 00000000         ;* @brief       Include IAP image
    6 00000000         ;*
    7 00000000         ;* @note        Copyright (C) 2014 Holtek Semiconductor 
                       Inc. All rights reserved.
    8 00000000         ;*
    9 00000000         ;* <h2><center>&copy; COPYRIGHT 2014 Holtek</center></h2
                       >
   10 00000000         ;*
   11 00000000         ;*******************************************************
                       *************************
   12 00000000         ;*----------- <<< Use Configuration Wizard in Context Me
                       nu >>> ------------------
   13 00000000         ;*******************************************************
                       *************************
   14 00000000         ;// <q> Include IAP image into user's application
   15 00000000 00000001 
                       INCLUDE_IAP
                               EQU              1
   16 00000000         
   17 00000000                 AREA             IAP, DATA, READONLY
   18 00000000         
   19 00000000                 IF               INCLUDE_IAP <> 0
   20 00000000 08 0E 00 
              20 19 01 
              00 00 25 
              01 00 00 
              25 01 00 
              00 25 01 
              00 00 25 
              01 00 00 
              25 01 00 
              00 00 00 
              00 00 DF 
              F8 0C D0 
              00 F0 0C 
              F8 00 48 
              00 47 C9 
              16 00 00 
              08 0E 00 
              20 01 68 
              8D 46 41 
              68 08 47 
              C1 09 00 
              00 06 4C 
              07 4D 06 
              E0 E0 68 
              40 F0 01 
              03 94 E8 
              07 00 98 
              47 10 34 
              AC 42 F6 
              D3 FF F7 
              E6 FF D4 
              17 00 00 



ARM Macro Assembler    Page 2 


              F4 17 00 
              00 2D E9 
              F0 47 91 
              46 16 4A 
              4F F0 FF 
              0A 02 EB 
              C0 05 00 
              22 00 24 
              0A FA 02 
              F0 23 46 
              08 42 19 
              D0 4F F0 
              01 0C 00 
              20 0C FA 
              02 FC 4F 
              F0 0F 08 
              21 FA 00 
              F6 16 EA 
              0C 0F 06 
              D0 86 00 
              08 FA 06 
              F7 3C 43 
              09 FA 06 
              F7 3B 43 
              40 1C 08 
              28 F0 D3 
              28 68 A0 
              43 18 43 
              28 60 2D 
              1D 08 32 
              08 2A DB 
              DD BD E8 
              F0 87 00 
              00 20 20 
              02 40 00 
              21 41 60 
              01 60 70 
              47 00 23 
              03 60 43 
              60 C0 E9 
              02 12 70 
              47 81 62 
              70 47 41 
              62 70 47 
              27 01 00 
              00 27 01 
              00 00 27 
              01 00 00 
              27 01 00 
              00 41 68 
              00 68 81 
              42 01 D1 
              01 20 70 
              47 00 20 
              70 47 02 
              49 08 60 
              08 20 C8 
              60 00 F0 
              BA B8 00 



ARM Macro Assembler    Page 3 


              00 08 40 
              61 10 00 
              00 03 48 
              80 47 03 
              48 80 47 
              03 48 00 
              47 FE E7 
              FE E7 6D 
              10 00 00 
              C5 09 00 
              00 21 00 
              00 00 10 
              B5 44 68 
              00 22 03 
              68 9C 42 
              0B D0 82 
              68 D2 5C 
              0A 70 01 
              68 C2 68 
              49 1C B1 
              FB F2 F3 
              02 FB 13 
              11 01 22 
              01 60 10 
              46 10 BD 
              30 B5 43 
              68 00 22 
              C4 68 5B 
              1C B3 FB 
              F4 F5 04 
              FB 15 33 
              04 68 A3 
              42 0A D0 
              42 68 83 
              68 99 54 
              C1 68 52 
              1C B2 FB 
              F1 F3 01 
              FB 13 21 
              41 60 01 
              22 10 46 
              30 BD 10 
              B5 10 22 
              4F F4 82 
              60 91 02 
              01 23 00 
              F0 05 F8 
              BD E8 10 
              40 02 20 
              00 F0 12 
              B8 F0 B5 
              07 4F 7C 
              6A FD 6A 
              3E 6B 84 
              43 8D 43 
              96 43 13 
              B1 04 43 
              0D 43 16 
              43 7C 62 



ARM Macro Assembler    Page 4 


              FD 62 3E 
              63 F0 BD 
              00 80 08 
              40 03 49 
              0A 68 22 
              F4 40 02 
              42 EA 80 
              50 08 60 
              70 47 00 
              80 08 40 
              F0 B5 00 
              26 19 E0 
              8B 5D 41 
              F2 21 07 
              83 EA 10 
              23 4F EA 
              03 24 00 
              23 08 25 
              84 EA 03 
              0C 5F EA 
              0C 4C 02 
              D5 87 EA 
              43 03 00 
              E0 5B 00 
              6D 1E 4F 
              EA 44 04 
              F2 D1 9B 
              B2 83 EA 
              00 20 76 
              1C 96 42 
              E3 D3 80 
              B2 F0 BD 
              00 00 01 
              48 00 6B 
              70 47 00 
              00 00 00 
              08 40 03 
              4B D8 60 
              19 60 5A 
              60 14 20 
              18 61 70 
              47 00 00 
              00 00 08 
              40 0D 49 
              0E 4A 00 
              20 13 69 
              C3 F3 81 
              03 03 2B 
              03 D0 81 
              B1 49 1E 
              F7 D1 0D 
              E0 92 69 
              93 07 01 
              D5 02 20 
              06 E0 13 
              07 01 D5 
              03 20 02 
              E0 D2 06 
              00 D5 07 



ARM Macro Assembler    Page 5 


              20 00 29 
              00 D1 08 
              20 70 47 
              FF FF 0F 
              00 00 00 
              08 40 11 
              49 10 48 
              4A 69 42 
              F0 02 02 
              4A 61 14 
              22 0A 61 
              04 E0 0A 
              69 C2 F3 
              81 02 03 
              2A 01 D0 
              40 1E F8 
              D2 8A 69 
              8B 69 23 
              F0 02 03 
              8B 61 91 
              03 01 D5 
              02 20 70 
              47 91 07 
              01 D5 01 
              20 70 47 
              08 B1 00 
              20 70 47 
              03 20 70 
              47 FF FF 
              0F 00 00 
              00 08 40 
              00 2A 02 
              68 01 D0 
              0A 43 00 
              E0 8A 43 
              02 60 70 
              47 70 B5 
              24 48 41 
              6A 41 F0 
              E5 01 41 
              62 03 20 
              00 F0 3B 
              F9 21 4D 
              21 4C 28 
              44 20 60 
              4F F0 01 
              00 00 F0 
              33 F9 21 
              68 28 44 
              08 44 60 
              60 02 20 
              00 F0 2C 
              F9 61 68 
              28 44 08 
              44 A0 60 
              00 20 00 
              F0 25 F9 
              A1 68 28 
              44 08 44 



ARM Macro Assembler    Page 6 


              E0 60 A4 
              F5 40 74 
              4F F0 00 
              00 00 BF 
              04 F5 43 
              74 22 68 
              4F EA 80 
              01 0B 78 
              A2 EB 03 
              02 22 60 
              22 68 CB 
              78 A2 EB 
              03 62 22 
              60 22 68 
              4B 78 A2 
              EB 03 22 
              22 60 22 
              68 89 78 
              A2 EB 01 
              41 21 60 
              00 F1 01 
              00 A4 F5 
              43 74 04 
              28 E1 D3 
              D4 F8 0C 
              03 40 08 
              70 BD 00 
              80 08 40 
              4E 26 57 
              00 00 03 
              08 40 70 
              B5 20 4C 
              A0 68 20 
              B9 01 20 
              A0 60 00 
              20 00 F0 
              AF FA 00 
              26 1C 4D 
              66 60 60 
              68 29 18 
              40 1C 60 
              60 1A 48 
              FF F7 C7 
              FE 60 68 
              40 28 F5 
              D3 6C 88 
              EE 70 AE 
              70 40 22 
              14 49 00 
              20 FF F7 
              12 FF 29 
              78 50 29 
              01 D3 4A 
              39 29 70 
              C9 B2 08 
              29 01 D8 
              84 42 04 
              D0 46 24 
              0E 48 FF 



ARM Macro Assembler    Page 7 


              F7 78 FE 
              0C E0 6F 
              F0 01 00 
              00 F0 DF 
              FA 2B 78 
              0A 4C D5 
              E9 01 12 
              54 F8 23 
              30 68 78 
              98 47 04 
              46 21 46 
              BD E8 70 
              40 04 48 
              10 38 FF 
              F7 AD BE 
              00 00 04 
              00 00 20 
              78 05 00 
              20 14 01 
              00 20 88 
              17 00 00 
              13 48 10 
              B5 01 68 
              89 B2 41 
              F0 88 52 
              11 49 0A 
              60 82 68 
              4F F4 30 
              53 43 EA 
              02 42 4A 
              60 42 68 
              40 68 0A 
              3A 0A 38 
              42 EA 00 
              40 88 60 
              4F F4 20 
              50 C8 60 
              44 39 44 
              22 A1 F5 
              84 60 FF 
              F7 40 FE 
              06 49 BD 
              E8 10 40 
              4F F4 80 
              62 A1 F1 
              10 00 FF 
              F7 37 BE 
              00 00 80 
              01 08 40 
              68 05 00 
              20 24 01 
              00 20 10 
              B5 11 4C 
              08 B1 11 
              48 07 E0 
              00 F0 4E 
              F8 C8 B1 
              00 F0 5F 
              F8 B0 B1 



ARM Macro Assembler    Page 8 


              0D 48 40 
              1F C4 F8 
              04 03 0C 
              49 4F F4 
              00 10 08 
              60 00 20 
              00 F0 62 
              FC BF F3 
              4F 8F 08 
              48 01 68 
              08 4A 01 
              F4 E0 61 
              11 43 01 
              60 BF F3 
              4F 8F FE 
              E7 00 20 
              10 BD 00 
              00 08 40 
              F5 FA AA 
              55 84 E1 
              00 E0 0C 
              ED 00 E0 
              04 00 FA 
              05 2D E9 
              F0 41 07 
              46 08 04 
              00 0C 15 
              46 0E 46 
              C0 F5 80 
              34 10 D0 
              10 46 A5 
              42 13 D9 
              05 1B 22 
              46 38 46 
              00 F0 A6 
              F8 26 44 
              3C 44 30 
              46 00 F0 
              83 F9 2A 
              46 31 46 
              20 46 07 
              E0 08 46 
              00 F0 7C 
              F9 2A 46 
              31 46 00 
              E0 02 46 
              38 46 BD 
              E8 F0 41 
              00 F0 91 
              B8 4F F4 
              30 50 00 
              68 A0 F1 
              00 50 B0 
              F5 00 4F 
              07 D8 42 
              F6 04 40 
              00 68 A0 
              F5 30 50 
              B0 F5 E8 



ARM Macro Assembler    Page 9 


              3F 01 D3 
              00 20 70 
              47 01 20 
              70 47 4F 
              F4 20 50 
              01 68 48 
              1C 0A D0 
              42 F6 04 
              03 00 20 
              03 E0 1A 
              58 52 1C 
              04 D0 00 
              1D 88 42 
              F9 D3 01 
              20 70 47 
              00 20 70 
              47 70 B5 
              0C 4C 00 
              25 80 00 
              20 60 01 
              20 E0 60 
              14 20 20 
              61 FF F7 
              63 FE 40 
              B9 18 20 
              20 61 FF 
              F7 5E FE 
              28 B1 01 
              28 01 D0 
              0C 20 20 
              61 28 46 
              70 BD A5 
              68 F9 E7 
              00 00 00 
              00 08 40 
              F0 B5 09 
              4F 3C 68 
              7D 68 BE 
              68 84 43 
              8D 43 A7 
              F5 82 77 
              96 43 13 
              B1 04 43 
              0D 43 16 
              43 07 F5 
              82 77 3C 
              60 7D 60 
              BE 60 F0 
              BD 04 81 
              08 40 00 
              29 01 68 
              02 D0 41 
              F0 01 01 
              01 E0 21 
              F0 01 01 
              01 60 70 
              47 2D E9 
              F0 41 14 
              4E 0F 46 



ARM Macro Assembler    Page 10 


              04 46 4F 
              F4 80 78 
              15 46 41 
              46 30 68 
              FF F7 72 
              FD 03 20 
              00 F0 25 
              F9 C7 F3 
              07 40 00 
              F0 21 F9 
              C7 F3 07 
              20 00 F0 
              1D F9 F8 
              B2 00 F0 
              1A F9 04 
              E0 00 20 
              00 F0 16 
              F9 04 F8 
              01 0B 28 
              00 A5 F1 
              01 05 AD 
              B2 F5 D1 
              41 46 30 
              68 BD E8 
              F0 41 FF 
              F7 55 BD 
              00 00 C4 
              17 00 00 
              2D E9 F0 
              47 06 46 
              0D 46 11 
              F0 FF 00 
              C0 F1 00 
              01 CF B2 
              C2 F3 0F 
              24 02 F0 
              FF 08 4F 
              F4 80 7A 
              13 D0 E8 
              B2 40 42 
              C0 B2 05 
              EB 00 09 
              2C B3 D0 
              1B C0 F3 
              0F 24 00 
              F0 FF 08 
              3A 46 29 
              46 30 46 
              00 F0 92 
              F8 3E 44 
              4D 46 57 
              46 33 E0 
              3C B3 57 
              46 20 00 
              A4 F1 01 
              04 A4 B2 
              09 D0 3A 
              46 29 46 
              30 46 00 



ARM Macro Assembler    Page 11 


              F0 82 F8 
              05 F5 80 
              75 06 F5 
              80 76 F0 
              E7 5F EA 
              08 00 25 
              D0 02 46 
              29 46 30 
              46 0C E0 
              B8 45 0E 
              D9 A8 EB 
              07 00 C4 
              B2 3A 46 
              29 46 30 
              46 00 F0 
              6C F8 49 
              46 F0 19 
              22 46 BD 
              E8 F0 47 
              00 F0 65 
              B8 92 B2 
              E9 E7 3A 
              46 29 46 
              30 46 00 
              F0 5E F8 
              05 F5 80 
              75 06 F5 
              80 76 20 
              00 A4 F1 
              01 04 A4 
              B2 F1 D1 
              D6 E7 BD 
              E8 F0 87 
              F0 B5 00 
              24 8B B0 
              4F F4 80 
              30 44 F2 
              20 01 01 
              23 22 46 
              FF F7 4B 
              FD 4F F4 
              80 66 05 
              22 31 46 
              02 20 FF 
              F7 A2 FC 
              05 22 B1 
              00 02 20 
              FF F7 9D 
              FC 05 22 
              71 00 02 
              20 FF F7 
              98 FC 17 
              4D B7 10 
              39 46 28 
              68 FF F7 
              D0 FC 01 
              22 39 46 
              28 68 FF 
              F7 C3 FD 



ARM Macro Assembler    Page 12 


              39 46 28 
              68 FF F7 
              C7 FC 30 
              01 CD E9 
              00 06 08 
              20 CD E9 
              02 04 01 
              20 CD E9 
              06 04 CD 
              E9 04 46 
              04 20 0B 
              4D 08 90 
              09 90 0A 
              90 69 46 
              28 46 00 
              F0 DF F8 
              01 21 28 
              46 00 F0 
              03 F9 01 
              21 28 46 
              FF F7 21 
              FF 04 48 
              04 70 0B 
              B0 F0 BD 
              00 00 C4 
              17 00 00 
              00 40 04 
              40 10 00 
              00 20 2D 
              E9 F0 41 
              14 46 0F 
              46 05 46 
              00 F0 8D 
              F8 13 4E 
              4F F4 80 
              78 41 46 
              30 68 FF 
              F7 90 FC 
              02 20 00 
              F0 43 F8 
              C7 F3 07 
              40 00 F0 
              3F F8 C7 
              F3 07 20 
              00 F0 3B 
              F8 F8 B2 
              00 F0 38 
              F8 03 E0 
              28 78 00 
              F0 34 F8 
              6D 1C 20 
              00 A4 F1 
              01 04 A4 
              B2 F6 D1 
              41 46 30 
              68 FF F7 
              76 FC BD 
              E8 F0 41 
              00 F0 4E 



ARM Macro Assembler    Page 13 


              B8 C4 17 
              00 00 70 
              B5 04 46 
              00 F0 60 
              F8 0E 4E 
              4F F4 80 
              75 29 46 
              30 68 FF 
              F7 63 FC 
              D8 20 00 
              F0 16 F8 
              C4 F3 07 
              40 00 F0 
              12 F8 C4 
              F3 07 20 
              00 F0 0E 
              F8 E0 B2 
              00 F0 0B 
              F8 29 46 
              30 68 FF 
              F7 53 FC 
              BD E8 70 
              40 00 F0 
              2B B8 00 
              00 C4 17 
              00 00 2D 
              E9 F0 41 
              11 4C 07 
              46 4F F4 
              80 76 65 
              15 31 46 
              20 46 00 
              F0 63 F8 
              00 28 F9 
              D1 02 E0 
              20 46 00 
              F0 8C F8 
              29 46 20 
              46 00 F0 
              59 F8 00 
              28 F6 D1 
              39 46 20 
              46 00 F0 
              8F F8 29 
              46 20 46 
              00 F0 4F 
              F8 00 28 
              F9 D0 20 
              46 BD E8 
              F0 41 00 
              F0 77 B8 
              00 40 04 
              40 70 B5 
              0A 4C 4F 
              F4 80 75 
              29 46 20 
              68 FF F7 
              1A FC 05 
              20 FF F7 



ARM Macro Assembler    Page 14 


              CD FF 00 
              20 FF F7 
              CA FF C0 
              07 FA D1 
              29 46 20 
              68 BD E8 
              70 40 FF 
              F7 0E BC 
              C4 17 00 
              00 70 B5 
              08 4C 4F 
              F4 80 75 
              29 46 20 
              68 FF F7 
              02 FC 06 
              20 FF F7 
              B5 FF 29 
              46 20 68 
              BD E8 70 
              40 FF F7 
              FB BB 00 
              00 C4 17 
              00 00 70 
              B5 06 46 
              FF F7 E8 
              FF 09 4C 
              4F F4 80 
              75 29 46 
              20 68 FF 
              F7 EB FB 
              01 20 FF 
              F7 9E FF 
              30 46 FF 
              F7 9B FF 
              29 46 20 
              68 BD E8 
              70 40 FF 
              F7 E1 BB 
              00 00 C4 
              17 00 00 
              C0 69 B1 
              F5 80 7F 
              02 D0 C0 
              F3 03 10 
              70 47 00 
              F0 0F 00 
              70 47 30 
              B5 D1 E9 
              05 43 E4 
              B1 4F F4 
              00 72 DA 
              40 22 43 
              8C 68 0B 
              68 23 43 
              D1 E9 03 
              45 2C 43 
              23 43 CC 
              69 23 43 
              13 43 43 



ARM Macro Assembler    Page 15 


              60 4B 6A 
              4A 68 1A 
              43 0B 6A 
              42 EA 03 
              12 82 61 
              89 6A 4F 
              F0 FF 32 
              02 EB 51 
              01 C1 60 
              30 BD 4F 
              F4 80 72 
              9A 40 E2 
              E7 00 69 
              80 B2 70 
              47 00 29 
              01 68 02 
              D0 41 F0 
              08 01 01 
              E0 21 F0 
              08 01 01 
              60 70 47 
              01 61 70 
              47 4F F0 
              E0 21 30 
              B1 01 28 
              08 69 06 
              D0 20 F0 
              01 00 08 
              61 70 47 
              00 20 88 
              61 70 47 
              40 F0 01 
              00 F7 E7 
              70 47 00 
              00 0F 48 
              01 21 C0 
              F8 00 13 
              0E 4A 11 
              62 4F F0 
              10 63 83 
              61 C2 F8 
              A4 10 D2 
              F8 04 31 
              00 2B FB 
              D0 0A 4A 
              13 68 23 
              F0 07 03 
              DB 1C 13 
              60 01 62 
              42 68 22 
              F0 03 02 
              52 1C 42 
              60 42 6B 
              B1 EB 92 
              7F FB D1 
              70 47 00 
              80 08 40 
              00 00 10 
              43 00 02 



ARM Macro Assembler    Page 16 


              08 40 70 
              B5 0C 4C 
              D4 E9 01 
              10 01 44 
              40 22 01 
              20 00 F0 
              3B FA 05 
              46 D4 E9 
              01 10 08 
              44 40 21 
              00 F0 20 
              FB 60 68 
              28 44 C0 
              F3 09 00 
              60 60 BD 
              E8 70 40 
              FF F7 9F 
              BC 00 00 
              14 01 00 
              20 03 49 
              81 61 03 
              49 41 62 
              03 49 C1 
              62 70 47 
              00 00 BD 
              0A 00 00 
              65 0A 00 
              00 11 0A 
              00 00 70 
              B5 04 46 
              00 88 40 
              F6 21 11 
              88 42 21 
              DA A0 F5 
              80 70 A1 
              38 1D D1 
              E0 78 E5 
              88 01 28 
              19 D1 0D 
              48 FF F7 
              36 FB 00 
              28 14 D1 
              43 21 0A 
              48 00 22 
              02 E0 83 
              68 5A 54 
              49 1E 43 
              68 8B 42 
              F9 D9 80 
              68 C4 E9 
              07 05 01 
              20 84 F8 
              24 00 BD 
              E8 70 40 
              01 48 FF 
              F7 09 BB 
              70 BD 04 
              01 00 20 
              C1 78 01 



ARM Macro Assembler    Page 17 


              22 21 29 
              08 D0 22 
              29 05 D1 
              05 49 C1 
              61 22 21 
              01 62 80 
              F8 24 20 
              70 47 C1 
              68 12 31 
              C1 61 09 
              21 F6 E7 
              64 17 00 
              00 2D E9 
              F0 41 04 
              46 00 F0 
              41 FA 05 
              46 80 07 
              06 D5 E1 
              6C 09 B1 
              20 6D 88 
              47 02 20 
              00 F0 FD 
              F8 E8 06 
              0E D5 10 
              20 00 F0 
              F8 F8 94 
              F8 32 00 
              02 28 07 
              D3 00 F0 
              36 FA 14 
              F8 32 0F 
              60 70 03 
              20 04 F8 
              32 09 68 
              07 4F F0 
              00 06 1F 
              D5 20 34 
              70 1E 67 
              6E 20 60 
              26 74 66 
              74 20 7D 
              20 F0 02 
              00 20 75 
              04 20 A0 
              74 A6 61 
              00 F0 19 
              F9 00 F0 
              23 FA 00 
              20 61 6E 
              00 F0 71 
              F9 38 68 
              00 F0 F2 
              F9 61 6A 
              20 3C 09 
              B1 A0 6C 
              88 47 04 
              20 00 F0 
              C8 F8 28 
              07 08 D5 



ARM Macro Assembler    Page 18 


              00 F0 10 
              FA 94 F8 
              33 00 84 
              F8 32 00 
              08 20 00 
              F0 BD F8 
              E8 05 4F 
              F4 80 77 
              7A D5 00 
              20 00 F0 
              44 F9 05 
              46 80 05 
              22 D5 20 
              46 00 F0 
              50 FA 84 
              F8 24 60 
              26 62 20 
              78 10 F0 
              60 00 02 
              D0 20 28 
              08 D1 03 
              E0 20 46 
              00 F0 89 
              FC 03 E0 
              21 6E 20 
              46 01 B1 
              88 47 94 
              F8 24 00 
              01 28 17 
              D0 02 28 
              1E D0 00 
              20 00 F0 
              83 F9 4F 
              F4 00 71 
              00 20 00 
              F0 E6 F8 
              A8 07 2E 
              D5 02 21 
              00 20 00 
              F0 E0 F8 
              20 6A 40 
              1C 27 D0 
              94 F8 24 
              00 02 28 
              0F D0 22 
              E0 E0 88 
              21 6A 81 
              42 00 DD 
              20 62 20 
              46 00 F0 
              24 FC E3 
              E7 00 22 
              11 46 10 
              46 00 F0 
              72 F9 DD 
              E7 40 22 
              00 20 E1 
              69 00 F0 
              3C F9 E1 



ARM Macro Assembler    Page 19 


              69 01 44 
              E1 61 21 
              6A 08 1A 
              20 62 07 
              D1 01 20 
              84 F8 24 
              00 A1 6A 
              11 B1 E0 
              6A 88 47 
              A6 62 E8 
              06 06 D5 
              20 46 00 
              F0 04 FC 
              10 21 00 
              20 00 F0 
              AC F8 38 
              46 00 F0 
              53 F8 13 
              E0 28 46 
              00 F0 DD 
              F8 10 F0 
              12 0F 0D 
              D0 12 21 
              28 46 00 
              F0 9E F8 
              07 FA 05 
              F0 00 F0 
              44 F8 04 
              EB 85 00 
              41 6E 09 
              B1 28 46 
              88 47 00 
              F0 76 F9 
              00 F0 64 
              F9 05 46 
              40 1C E4 
              D1 BD E8 
              F0 81 02 
              21 80 F8 
              32 10 D0 
              F8 84 00 
              00 F0 70 
              B9 10 B5 
              04 46 90 
              F8 34 00 
              00 F0 01 
              01 D4 F8 
              84 00 00 
              F0 78 F9 
              94 F8 32 
              00 03 28 
              05 D1 D4 
              F8 88 10 
              11 B1 D4 
              F8 8C 00 
              88 47 E1 
              6B 00 29 
              07 D0 94 
              F8 32 00 



ARM Macro Assembler    Page 20 


              06 28 03 
              D1 20 6C 
              BD E8 10 
              40 08 47 
              10 BD 04 
              49 01 60 
              14 31 41 
              60 03 49 
              81 60 01 
              21 C1 60 
              70 47 00 
              00 20 17 
              00 00 00 
              00 00 20 
              01 49 88 
              60 70 47 
              00 00 00 
              80 0A 40 
              0C 48 10 
              B5 A0 F1 
              90 01 C1 
              F8 84 00 
              88 38 FF 
              F7 E3 FF 
              08 48 54 
              38 FF F7 
              93 FE 06 
              48 90 38 
              FF F7 B4 
              FF 05 49 
              4F F4 00 
              10 08 60 
              BD E8 10 
              40 01 20 
              00 F0 12 
              B8 C0 00 
              00 20 04 
              E1 00 E0 
              05 49 01 
              28 08 68 
              03 D0 20 
              F4 00 60 
              08 60 70 
              47 40 F4 
              00 60 FA 
              E7 00 00 
              00 80 0A 
              40 05 49 
              01 28 08 
              68 03 D0 
              20 F4 80 
              60 08 60 
              70 47 40 
              F4 80 60 
              FA E7 00 
              00 00 80 
              0A 40 00 
              21 20 20 
              01 23 0A 



ARM Macro Assembler    Page 21 


              46 FF F7 
              0C BC 10 
              B5 00 F0 
              59 FC 01 
              68 01 F0 
              09 01 01 
              60 10 BD 
              10 B5 00 
              F0 51 FC 
              01 68 01 
              F0 24 01 
              01 60 10 
              BD 10 B5 
              0C 46 00 
              F0 48 FC 
              84 60 10 
              BD 10 B5 
              00 F0 43 
              FC 00 69 
              02 49 C0 
              F3 09 00 
              08 44 10 
              BD 00 00 
              00 A0 0A 
              40 70 B5 
              05 46 00 
              F0 36 FC 
              04 46 28 
              46 00 F0 
              0A F8 21 
              69 C1 F3 
              09 01 08 
              44 01 49 
              08 44 70 
              BD 00 00 
              00 A0 0A 
              40 10 B5 
              00 F0 25 
              FC 00 69 
              C0 F3 89 
              20 10 BD 
              10 B5 00 
              F0 1E FC 
              01 69 00 
              68 C9 00 
              02 D5 C0 
              F3 80 00 
              10 BD C0 
              F3 40 10 
              10 BD 10 
              B5 00 F0 
              11 FC 41 
              68 80 68 
              08 40 10 
              BD 10 B5 
              0C 46 00 
              F0 09 FC 
              C0 68 E0 
              40 C0 F3 



ARM Macro Assembler    Page 22 


              08 00 10 
              BD 70 B5 
              0C 46 05 
              46 00 F0 
              FF FB 04 
              EB C5 01 
              4A 68 02 
              61 89 68 
              41 60 4F 
              F0 FF 31 
              81 60 28 
              46 BD E8 
              70 40 00 
              F0 35 B8 
              2D E9 F0 
              41 16 46 
              0F 46 05 
              00 11 D0 
              00 21 FF 
              F7 DB FF 
              04 46 B0 
              42 08 D8 
              28 46 5D 
              B1 FF F7 
              9B FF E1 
              1C 8A 08 
              39 46 00 
              F0 D3 FB 
              20 46 BD 
              E8 F0 81 
              10 21 EC 
              E7 FF F7 
              9B FF F2 
              E7 2D E9 
              F0 41 15 
              46 0E 46 
              07 46 00 
              F0 CD FB 
              04 46 00 
              20 3D B1 
              2A 46 31 
              46 38 46 
              FF F7 D4 
              FF 08 B9 
              00 2D 03 
              D1 21 68 
              01 F0 10 
              01 21 60 
              BD E8 F0 
              81 10 B5 
              00 F0 B9 
              FB 01 68 
              01 F0 19 
              01 01 60 
              10 BD 10 
              B5 00 F0 
              B1 FB 04 
              21 01 60 
              10 BD 10 



ARM Macro Assembler    Page 23 


              B5 00 F0 
              AB FB 40 
              21 81 60 
              02 68 24 
              21 91 43 
              01 60 10 
              BD 2D E9 
              F0 41 14 
              46 88 46 
              07 46 FF 
              F7 75 FF 
              06 46 38 
              46 00 F0 
              99 FB 05 
              46 00 21 
              38 46 FF 
              F7 87 FF 
              B4 42 00 
              D8 10 B1 
              00 20 BD 
              E8 F0 81 
              38 46 FF 
              F7 45 FF 
              01 46 E0 
              1C 82 08 
              40 46 00 
              F0 7C FB 
              EC 60 02 
              20 28 60 
              20 46 EF 
              E7 02 49 
              4A 68 02 
              43 4A 60 
              70 47 00 
              00 00 80 
              0A 40 03 
              46 07 21 
              01 F1 08 
              02 23 FA 
              02 F0 C2 
              07 01 D0 
              48 B2 70 
              47 49 1E 
              00 29 F4 
              DC 4F F0 
              FF 30 70 
              47 02 48 
              41 68 80 
              68 08 40 
              70 47 00 
              00 00 80 
              0A 40 00 
              F0 44 B8 
              02 48 01 
              68 41 F0 
              0C 01 01 
              60 70 47 
              00 80 0A 
              40 02 48 



ARM Macro Assembler    Page 24 


              01 68 01 
              F4 80 61 
              01 60 70 
              47 00 80 
              0A 40 02 
              46 17 48 
              00 B5 01 
              68 01 29 
              27 D1 00 
              21 01 60 
              14 48 01 
              68 4B 06 
              4F F0 FF 
              31 08 D5 
              40 F2 0C 
              43 03 60 
              81 60 10 
              68 5D F8 
              04 EB FF 
              F7 B7 BF 
              40 F6 0C 
              43 03 60 
              81 60 00 
              20 FF F7 
              B2 FE 10 
              68 FF F7 
              AD FF 00 
              20 FF F7 
              BA FE C8 
              21 00 20 
              40 1C 88 
              42 FC D3 
              01 20 5D 
              F8 04 EB 
              FF F7 B0 
              BE 00 BD 
              00 00 14 
              00 00 20 
              00 80 0A 
              40 40 F2 
              1D 31 01 
              60 07 49 
              41 60 40 
              F2 12 21 
              81 60 05 
              49 C1 60 
              02 21 01 
              61 04 49 
              41 61 10 
              21 81 61 
              70 47 00 
              00 08 00 
              01 80 88 
              00 01 81 
              C8 00 01 
              92 02 49 
              0A 68 02 
              60 49 68 
              41 60 70 



ARM Macro Assembler    Page 25 


              47 00 A0 
              0A 40 03 
              49 0A 68 
              42 F4 80 
              72 0A 60 
              08 61 70 
              47 00 00 
              00 80 0A 
              40 01 48 
              FF F7 3F 
              BD 00 00 
              30 00 00 
              20 70 47 
              00 00 2D 
              E9 F0 5F 
              DF F8 B8 
              81 C9 1C 
              8E 08 04 
              46 98 F8 
              04 10 A8 
              F1 10 00 
              F9 B1 47 
              46 00 25 
              80 46 18 
              E0 54 F8 
              25 00 39 
              68 02 22 
              48 40 44 
              F8 25 00 
              D8 F8 00 
              00 63 49 
              80 B2 FF 
              F7 9B F8 
              81 46 D8 
              F8 00 00 
              02 22 00 
              0C B9 1C 
              FF F7 93 
              F8 09 EB 
              00 40 6D 
              1C 38 60 
              B5 42 E4 
              D3 B0 E0 
              E1 69 82 
              46 41 60 
              41 68 01 
              F4 70 41 
              04 EB 91 
              21 09 68 
              81 60 81 
              68 01 F0 
              70 71 04 
              EB 11 51 
              09 68 C1 
              60 41 68 
              01 F4 F0 
              01 04 EB 
              51 41 09 
              68 81 60 



ARM Macro Assembler    Page 26 


              81 68 01 
              F0 F0 71 
              04 EB D1 
              41 09 68 
              C1 60 81 
              68 4A 48 
              CA F8 00 
              10 42 6A 
              DF F8 24 
              B1 CB F8 
              04 20 02 
              6B 48 4F 
              CB F8 08 
              20 3A 68 
              CB F8 0C 
              20 7A 68 
              CB F8 10 
              20 BA 68 
              CB F8 14 
              20 FA 68 
              CB F8 18 
              20 41 6A 
              A7 F5 40 
              77 41 F0 
              E5 01 41 
              62 01 6B 
              41 F0 40 
              01 01 63 
              41 F2 88 
              30 01 00 
              A0 F1 01 
              00 FB D1 
              39 48 00 
              68 38 44 
              D0 F8 59 
              01 4F EA 
              10 45 4F 
              EA 05 45 
              FF F7 B9 
              F8 31 49 
              DB F8 04 
              20 81 46 
              4A 62 DB 
              F8 08 20 
              0A 63 07 
              F5 40 77 
              DB F8 0C 
              10 39 60 
              DB F8 10 
              10 79 60 
              DB F8 14 
              10 B9 60 
              DB F8 18 
              00 F8 60 
              38 68 4F 
              F0 00 00 
              83 46 4F 
              F0 00 5E 
              3E E0 54 



ARM Macro Assembler    Page 27 


              F8 20 10 
              DA F8 0C 
              20 D4 46 
              6A 40 4A 
              40 4A 45 
              1E D1 DB 
              F8 0C 20 
              DC F8 04 
              30 4A 40 
              DC F8 08 
              70 7B 40 
              5A 40 CC 
              F8 04 20 
              69 40 C8 
              F8 00 10 
              54 F8 20 
              10 DE F8 
              80 20 51 
              40 DC F8 
              08 20 DC 
              F8 04 30 
              5A 40 51 
              40 CC F8 
              08 10 01 
              21 88 F8 
              04 10 15 
              E0 DE F8 
              80 20 DC 
              F8 08 30 
              4A 40 DC 
              F8 04 70 
              7B 40 5A 
              40 CC F8 
              08 20 DB 
              F8 0C 20 
              51 40 DC 
              F8 04 20 
              DC F8 08 
              30 5A 40 
              51 40 CC 
              F8 04 10 
              40 1C B0 
              42 BE D3 
              01 20 BD 
              E8 F0 9F 
              28 00 00 
              20 00 80 
              08 40 EC 
              05 00 20 
              00 03 08 
              40 08 A1 
              06 40 10 
              B5 FE F7 
              CB FF 04 
              46 01 46 
              04 48 FE 
              F7 84 FF 
              21 0A 02 
              48 FE F7 



ARM Macro Assembler    Page 28 


              80 FF 4F 
              20 10 BD 
              04 01 00 
              20 2D E9 
              F0 47 0E 
              46 80 46 
              90 1B 40 
              1C 8E B0 
              91 46 1B 
              4F 00 25 
              6C 46 A1 
              F1 80 71 
              B8 F1 01 
              0F 82 B2 
              05 D0 20 
              46 FF F7 
              AA F9 DF 
              F8 58 A0 
              24 E0 38 
              46 FF F7 
              1A F9 22 
              E0 B8 F1 
              00 0F 0B 
              D0 B8 F1 
              03 0F 0D 
              D0 DA F8 
              00 00 21 
              68 40 F8 
              25 10 6D 
              1C 10 2D 
              0C D0 0E 
              E0 20 68 
              39 68 88 
              42 03 D1 
              09 E0 20 
              68 40 1C 
              06 D0 46 
              20 0E B0 
              BD E8 F0 
              87 00 25 
              00 F0 AF 
              F8 36 1D 
              3F 1D 24 
              1D 4E 45 
              DC D9 4F 
              20 F2 E7 
              84 05 00 
              20 04 00 
              00 20 70 
              B5 15 46 
              4F F4 20 
              52 B1 F1 
              80 7F 03 
              D3 10 46 
              FE F7 02 
              FF 0E E0 
              0A 28 01 
              D0 91 42 
              01 D2 46 



ARM Macro Assembler    Page 29 


              20 70 BD 
              0C 46 04 
              E0 20 46 
              FE F7 F6 
              FE 04 F5 
              80 64 AC 
              42 F8 D9 
              4F 20 70 
              BD 00 20 
              FF F7 1B 
              FD FE E7 
              2D E9 F0 
              5F 00 27 
              36 4D DF 
              F8 D8 B0 
              80 46 91 
              46 0C 46 
              3E 46 BA 
              46 B1 F1 
              80 7F 04 
              D3 40 46 
              BD E8 F0 
              5F FF F7 
              89 BF FE 
              F7 67 FF 
              C0 07 01 
              D1 4F F0 
              01 0A B8 
              F1 01 0F 
              4F D1 BA 
              F1 01 0F 
              14 D1 A9 
              EB 04 01 
              49 1C 03 
              E0 E0 59 
              40 1C 26 
              D1 3F 1D 
              B9 42 F9 
              D8 B8 F1 
              01 0F 07 
              D0 3E E0 
              21 46 04 
              20 2A 68 
              FE F7 50 
              FF 24 1D 
              2D 1D 4C 
              45 F6 D9 
              34 E0 1E 
              48 84 42 
              01 D9 00 
              20 00 E0 
              20 68 B8 
              F1 00 0F 
              06 D0 B8 
              F1 03 0F 
              07 D0 BA 
              F1 01 0F 
              09 D0 12 
              E0 29 68 



ARM Macro Assembler    Page 30 


              81 42 02 
              D1 1E E0 
              40 1C 1C 
              D0 46 20 
              BD E8 F0 
              9F A4 F5 
              20 51 B1 
              F5 80 6F 
              04 D3 10 
              49 21 44 
              50 29 00 
              D3 00 20 
              4B F8 26 
              00 76 1C 
              10 2E 0A 
              D1 0C 48 
              00 26 10 
              21 41 64 
              40 21 81 
              64 02 21 
              C1 63 41 
              6C C9 06 
              FC D5 24 
              1D 2D 1D 
              4C 45 C8 
              D9 4F 20 
              DD E7 84 
              05 00 20 
              C8 A0 0A 
              40 FC 03 
              F0 1F 00 
              00 10 E0 
              00 80 0A 
              40 10 B5 
              40 22 02 
              49 02 20 
              FF F7 66 
              FD 4F 20 
              10 BD 68 
              05 00 20 
              05 48 10 
              21 41 64 
              40 21 81 
              64 02 21 
              C1 63 41 
              6C C9 06 
              FC D5 70 
              47 00 00 
              00 80 0A 
              40 70 B5 
              04 46 00 
              20 FF F7 
              CB FC 05 
              46 20 6A 
              41 1C 16 
              D0 94 F8 
              24 10 01 
              29 12 D1 
              A8 42 02 



ARM Macro Assembler    Page 31 


              D3 40 1B 
              20 62 05 
              E0 05 46 
              00 20 20 
              62 02 20 
              84 F8 24 
              00 2A 46 
              00 20 E1 
              69 FF F7 
              37 FD E0 
              69 28 44 
              E0 61 70 
              BD 10 B5 
              04 46 00 
              20 60 76 
              49 B1 01 
              29 09 D0 
              02 29 10 
              D1 20 79 
              00 F0 0F 
              00 FF F7 
              A8 FC 01 
              E0 94 F8 
              34 00 20 
              76 04 F1 
              18 00 E0 
              61 02 20 
              20 62 01 
              20 84 F8 
              24 00 10 
              BD 70 B5 
              04 46 00 
              88 01 25 
              B0 F5 A0 
              6F 4D D0 
              20 DC B0 
              F5 80 7F 
              42 D0 0B 
              DC 80 28 
              3B D0 81 
              28 3B D0 
              82 28 64 
              D1 02 21 
              20 46 BD 
              E8 70 40 
              FF F7 CD 
              BF B0 F5 
              81 7F 34 
              D0 B0 F5 
              40 7F 33 
              D0 A0 F5 
              40 70 02 
              38 54 D1 
              01 22 02 
              21 20 46 
              BD E8 70 
              40 00 F0 
              65 B8 B0 
              F5 10 6F 



ARM Macro Assembler    Page 32 


              4D D0 0F 
              DC B0 F5 
              D0 6F 2B 
              D0 A0 F5 
              C0 60 81 
              38 43 D0 
              A0 F5 80 
              70 FF 38 
              3E D1 04 
              F1 30 00 
              C4 E9 07 
              05 37 E0 
              A0 F5 20 
              60 81 38 
              4A D0 80 
              28 33 D1 
              A1 6D 00 
              29 30 D0 
              20 46 BD 
              E8 70 40 
              08 47 00 
              21 C6 E7 
              01 21 C4 
              E7 00 22 
              02 E0 00 
              22 D0 E7 
              01 22 00 
              21 CE E7 
              A0 78 FF 
              F7 6A FD 
              84 F8 24 
              50 05 20 
              2C E0 E0 
              78 01 28 
              0F D0 02 
              28 0F D0 
              03 28 13 
              D1 A0 78 
              61 69 81 
              42 0F D9 
              21 69 51 
              F8 20 00 
              00 28 0A 
              D0 E0 61 
              00 78 04 
              E0 A0 68 
              FA E7 E0 
              68 E0 61 
              40 88 20 
              62 84 F8 
              24 50 70 
              BD 61 6D 
              C9 E7 A0 
              78 84 F8 
              30 00 84 
              F8 24 50 
              01 25 68 
              B2 D4 F8 
              84 10 FF 



ARM Macro Assembler    Page 33 


              F7 33 FC 
              6D 1C 08 
              2D F7 D3 
              06 20 84 
              F8 32 00 
              70 BD E1 
              6D B5 E7 
              70 B5 04 
              46 01 26 
              61 B1 02 
              29 09 D1 
              20 79 10 
              F0 0F 05 
              03 D0 7A 
              B1 28 46 
              FF F7 72 
              FC 84 F8 
              24 60 70 
              BD A0 78 
              01 28 FB 
              D1 24 34 
              20 7C 62 
              F3 41 00 
              20 74 26 
              70 70 BD 
              A0 6B 00 
              28 EF D1 
              28 46 FF 
              F7 B9 FB 
              68 B2 FF 
              F7 AE FB 
              E8 E7 52 
              1E 04 D4 
              50 F8 22 
              30 41 F8 
              22 30 F8 
              E7 70 47 
              00 00 02 
              49 00 EB 
              80 00 01 
              EB 80 00 
              70 47 14 
              80 0A 40 
              01 28 05 
              D0 02 28 
              03 D0 03 
              28 01 D0 
              46 20 70 
              47 4F 20 
              70 47 0E 
              49 10 B5 
              01 F1 34 
              02 18 B1 
              01 28 09 
              D0 46 20 
              10 BD 11 
              F8 01 3B 
              13 54 40 
              1C 34 28 



ARM Macro Assembler    Page 34 


              F9 D3 4F 
              20 10 BD 
              07 4B 00 
              20 14 58 
              19 68 00 
              1D 34 28 
              10 C1 19 
              60 F8 D3 
              FF F7 CC 
              FE F1 E7 
              00 00 84 
              05 00 20 
              04 00 00 
              20 02 E0 
              08 C8 12 
              1F 08 C1 
              00 2A FA 
              D1 70 47 
              70 47 00 
              20 01 E0 
              01 C1 12 
              1F 00 2A 
              FB D1 70 
              47 00 00 
              FE F7 61 
              FD 11 4C 
              D4 F8 00 
              01 C0 07 
              10 D0 D4 
              F8 04 03 
              0F 49 88 
              42 0B D0 
              FE F7 1B 
              FF 01 28 
              07 D1 FE 
              F7 2B FF 
              01 28 03 
              D1 4F F4 
              30 50 FE 
              F7 9E FC 
              07 48 40 
              1F C4 F8 
              04 03 FE 
              F7 FC FF 
              FE F7 86 
              FE FF F7 
              FE FA 03 
              48 FF F7 
              C7 FA FB 
              E7 00 00 
              08 40 F5 
              FA AA 55 
              30 00 00 
              20 12 01 
              00 02 00 
              00 00 40 
              D9 04 10 
              80 00 01 
              00 00 00 



ARM Macro Assembler    Page 35 


              01 00 00 
              09 02 29 
              00 01 01 
              00 C0 32 
              09 04 00 
              00 02 03 
              00 00 00 
              09 21 11 
              01 21 01 
              22 22 00 
              07 05 01 
              03 40 00 
              01 07 05 
              82 03 40 
              00 00 00 
              00 00 04 
              03 09 04 
              06 00 FF 
              09 01 A1 
              01 09 02 
              15 00 26 
              FF 00 75 
              08 95 40 
              81 02 09 
              03 15 00 
              26 FF 00 
              75 08 95 
              40 91 02 
              C0 00 00 
              ED 12 00 
              00 2D 13 
              00 00 45 
              12 00 00 
              21 14 00 
              00 71 04 
              00 00 25 
              13 00 00 
              51 16 00 
              00 65 16 
              00 00 03 
              03 01 00 
              00 00 02 
              03 01 01 
              00 00 0F 
              01 09 00 
              01 00 04 
              00 40 00 
              00 80 02 
              00 00 02 
              00 00 0B 
              40 00 20 
              0B 40 00 
              40 0B 40 
              00 60 0B 
              40 F4 17 
              00 00 00 
              00 00 20 
              30 00 00 
              00 A8 16 



ARM Macro Assembler    Page 36 


              00 00 24 
              18 00 00 
              30 00 00 
              20 D8 0D 
              00 00 B8 
              16 00 00 
              60 17 00 
              00 C8 A0 
              0A 40 00 
              00 00 00 
              00 00 00 
              00 00 00 
              00 00 01 
              00 00 00 
              00 00 00 
              00 00 00 
              00 00 00 
              00 00 00 
              00 00 00 
              00 00 00 
              00 00 00 
              00 00 00         INCBIN           IAP\Obj\IAP.axf.bin
   21 00001824                 ENDIF
   22 00001824         
   23 00001824                 END
Command Line: --debug --xref --cpu=Cortex-M3 --apcs=interwork --depend=.\ap\obj
\iap.d -o.\ap\obj\iap.o -IC:\Keil\ARM\RV31\INC -IC:\Keil\ARM\CMSIS\Include -IC:
\Keil\ARM\Inc\Holtek\HT32F1653_54 --predefine="__MICROLIB SETA 1" --list=.\ap\l
ist\iap.lst iap.s



ARM Macro Assembler    Page 1 Alphabetic symbol ordering
Relocatable symbols

IAP 00000000

Symbol: IAP
   Definitions
      At line 17 in file iap.s
   Uses
      None
Comment: IAP unused
1 symbol



ARM Macro Assembler    Page 1 Alphabetic symbol ordering
Absolute symbols

INCLUDE_IAP 00000001

Symbol: INCLUDE_IAP
   Definitions
      At line 15 in file iap.s
   Uses
      At line 19 in file iap.s
Comment: INCLUDE_IAP used once
1 symbol
333 symbols in table
